if { [catch {vsimulink y0 -t 1ns -voptargs=+acc  } errmsg] } {
    echo "Loading simulation and HDL Verifier library failed."; 
    echo $errmsg; 
    quit -f; 
}
# vsim y0 -t 1ns -voptargs="+acc" -foreign "simlinkserver {C:/Program Files/MATLAB/R2017b/toolbox/edalink/extensions/modelsim/windows64/liblfmhdls_gcc450vc12.dll}  ; -batch  ; -socket 59573 " 
# Start time: 10:53:07 on Mar 24,2018
# ** Note: (vsim-8009) Loading existing optimized design _opt1
# //  ModelSim SE-64 10.5c Jul 21 2016
# //
# //  Copyright 1991-2016 Mentor Graphics Corporation
# //  All Rights Reserved.
# //
# //  ModelSim SE-64 and its associated documentation contain trade
# //  secrets and commercial or financial information that are the property of
# //  Mentor Graphics Corporation and are privileged, confidential,
# //  and exempt from disclosure under the Freedom of Information Act,
# //  5 U.S.C. Section 552. Furthermore, this information
# //  is prohibited from disclosure under the Trade Secrets Act,
# //  18 U.S.C. Section 1905.
# //
# Loading std.standard
# Loading std.textio(body)
# Loading ieee.std_logic_1164(body)
# Loading ieee.std_logic_arith(body)
# Loading ieee.std_logic_unsigned(body)
# Loading ieee.std_logic_signed(body)
# Loading ieee.numeric_std(body)
# Loading work.y0(y0_arch)#1
# Loading work.lzc(behavioral)#1
# Loading altera_mf.altera_mf_components
# Loading work.rom(syn)#1
# Loading altera_mf.altera_common_conversion(body)
# Loading altera_mf.altera_device_families(body)
# Loading altera_mf.altsyncram(translated)#1
# Loading C:/Program Files/MATLAB/R2017b/toolbox/edalink/extensions/modelsim/windows64/liblfmhdls_gcc450vc12.dll
# ************************************************************************
# HDL server has been started in batch mode. The HDL simulator will be 
# blocked until Simulink starts cosimulation. If you do not want to run
# in batch mode, restart the HDL simulator in a different run mode. To 
# exit the HDL simulator without running a cosimulation session, issue 
# the breakHdlSim('59573') command in MATLAB.

# 
# <EOF>
# End time: 10:53:08 on Mar 24,2018, Elapsed time: 0:00:01
# Errors: 0, Warnings: 0
